Using pre-set license
Built from '2021.2/staging' branch; Version is '2021.2.12f1 (48b1aa000234) revision 4764074'; Using compiler version '192829333'; Build Type 'Release'
OS: 'Windows 10  (10.0.19042) 64bit Professional' Language: 'pt' Physical Memory: 16335 MB
BatchMode: 1, IsHumanControllingUs: 0, StartBugReporterOnCrash: 0, Is64bit: 1, IsPro: 0

COMMAND LINE ARGUMENTS:
C:\Program Files\Unity\Hub\Editor\2021.2.12f1\Editor\Unity.exe
-adb2
-batchMode
-noUpm
-name
AssetImportWorker0
-projectPath
C:/Users/ewert/OneDrive/Área de Trabalho/Jogos Portifolio/BirdWithArms
-logFile
Logs/AssetImportWorker0.log
-srvPort
49434
Successfully changed project path to: C:/Users/ewert/OneDrive/Área de Trabalho/Jogos Portifolio/BirdWithArms
C:/Users/ewert/OneDrive/Área de Trabalho/Jogos Portifolio/BirdWithArms
[UnityMemory] Configuration Parameters - Can be set up in boot.config
    "memorysetup-bucket-allocator-granularity=16"
    "memorysetup-bucket-allocator-bucket-count=8"
    "memorysetup-bucket-allocator-block-size=33554432"
    "memorysetup-bucket-allocator-block-count=8"
    "memorysetup-main-allocator-block-size=16777216"
    "memorysetup-thread-allocator-block-size=16777216"
    "memorysetup-gfx-main-allocator-block-size=16777216"
    "memorysetup-gfx-thread-allocator-block-size=16777216"
    "memorysetup-cache-allocator-block-size=4194304"
    "memorysetup-typetree-allocator-block-size=2097152"
    "memorysetup-profiler-bucket-allocator-granularity=16"
    "memorysetup-profiler-bucket-allocator-bucket-count=8"
    "memorysetup-profiler-bucket-allocator-block-size=33554432"
    "memorysetup-profiler-bucket-allocator-block-count=8"
    "memorysetup-profiler-allocator-block-size=16777216"
    "memorysetup-profiler-editor-allocator-block-size=1048576"
    "memorysetup-temp-allocator-size-main=16777216"
    "memorysetup-job-temp-allocator-block-size=2097152"
    "memorysetup-job-temp-allocator-block-size-background=1048576"
    "memorysetup-job-temp-allocator-reduction-small-platforms=262144"
    "memorysetup-temp-allocator-size-background-worker=32768"
    "memorysetup-temp-allocator-size-job-worker=262144"
    "memorysetup-temp-allocator-size-preload-manager=33554432"
    "memorysetup-temp-allocator-size-nav-mesh-worker=65536"
    "memorysetup-temp-allocator-size-audio-worker=65536"
    "memorysetup-temp-allocator-size-cloud-worker=32768"
    "memorysetup-temp-allocator-size-gi-baking-worker=262144"
    "memorysetup-temp-allocator-size-gfx=262144"
Refreshing native plugins compatible for Editor in 27.62 ms, found 2 plugins.
Preloading 0 native plugins for Editor in 0.00 ms.
Initialize engine version: 2021.2.12f1 (48b1aa000234)
[Subsystems] Discovering subsystems at path C:/Program Files/Unity/Hub/Editor/2021.2.12f1/Editor/Data/Resources/UnitySubsystems
[Subsystems] Discovering subsystems at path C:/Users/ewert/OneDrive/Área de Trabalho/Jogos Portifolio/BirdWithArms/Assets
GfxDevice: creating device client; threaded=0; jobified=0
Direct3D:
    Version:  Direct3D 11.0 [level 11.1]
    Renderer: NVIDIA GeForce RTX 3050 (ID=0x2507)
    Vendor:   NVIDIA
    VRAM:     8070 MB
    Driver:   30.0.15.1259
Initialize mono
Mono path[0] = 'C:/Program Files/Unity/Hub/Editor/2021.2.12f1/Editor/Data/Managed'
Mono path[1] = 'C:/Program Files/Unity/Hub/Editor/2021.2.12f1/Editor/Data/MonoBleedingEdge/lib/mono/unityjit-win32'
Mono config path = 'C:/Program Files/Unity/Hub/Editor/2021.2.12f1/Editor/Data/MonoBleedingEdge/etc'
Using monoOptions --debugger-agent=transport=dt_socket,embedding=1,server=y,suspend=n,address=127.0.0.1:56004
Begin MonoManager ReloadAssembly
Registering precompiled unity dll's ...
Register platform support module: C:/Program Files/Unity/Hub/Editor/2021.2.12f1/Editor/Data/PlaybackEngines/WindowsStandaloneSupport/UnityEditor.WindowsStandalone.Extensions.dll
Registered in 0.010831 seconds.
Native extension for WindowsStandalone target not found
Refreshing native plugins compatible for Editor in 32.96 ms, found 2 plugins.
Preloading 0 native plugins for Editor in 0.00 ms.
Mono: successfully reloaded assembly
- Completed reload, in  0.616 seconds
Domain Reload Profiling:
	ReloadAssembly (617ms)
		BeginReloadAssembly (77ms)
			ExecutionOrderSort (0ms)
			DisableScriptedObjects (0ms)
			BackupInstance (0ms)
			ReleaseScriptingObjects (0ms)
			CreateAndSetChildDomain (1ms)
		EndReloadAssembly (413ms)
			LoadAssemblies (74ms)
			RebuildTransferFunctionScriptingTraits (0ms)
			SetupTypeCache (101ms)
			ReleaseScriptCaches (0ms)
			RebuildScriptCaches (28ms)
			SetupLoadedEditorAssemblies (234ms)
				LogAssemblyErrors (0ms)
				InitializePlatformSupportModulesInManaged (11ms)
				SetLoadedEditorAssemblies (0ms)
				RefreshPlugins (34ms)
				BeforeProcessingInitializeOnLoad (2ms)
				ProcessInitializeOnLoadAttributes (139ms)
				ProcessInitializeOnLoadMethodAttributes (48ms)
				AfterProcessingInitializeOnLoad (0ms)
				EditorAssembliesLoaded (0ms)
			ExecutionOrderSort2 (0ms)
			AwakeInstancesAfterBackupRestoration (0ms)
Platform modules already initialized, skipping
Registering precompiled user dll's ...
Registered in 0.002638 seconds.
Begin MonoManager ReloadAssembly
Native extension for WindowsStandalone target not found
Refreshing native plugins compatible for Editor in 0.68 ms, found 2 plugins.
Preloading 0 native plugins for Editor in 0.00 ms.
Mono: successfully reloaded assembly
- Completed reload, in  0.875 seconds
Domain Reload Profiling:
	ReloadAssembly (876ms)
		BeginReloadAssembly (133ms)
			ExecutionOrderSort (0ms)
			DisableScriptedObjects (6ms)
			BackupInstance (0ms)
			ReleaseScriptingObjects (0ms)
			CreateAndSetChildDomain (22ms)
		EndReloadAssembly (632ms)
			LoadAssemblies (83ms)
			RebuildTransferFunctionScriptingTraits (0ms)
			SetupTypeCache (178ms)
			ReleaseScriptCaches (0ms)
			RebuildScriptCaches (42ms)
			SetupLoadedEditorAssemblies (289ms)
				LogAssemblyErrors (0ms)
				InitializePlatformSupportModulesInManaged (7ms)
				SetLoadedEditorAssemblies (0ms)
				RefreshPlugins (1ms)
				BeforeProcessingInitializeOnLoad (51ms)
				ProcessInitializeOnLoadAttributes (192ms)
				ProcessInitializeOnLoadMethodAttributes (28ms)
				AfterProcessingInitializeOnLoad (10ms)
				EditorAssembliesLoaded (0ms)
			ExecutionOrderSort2 (0ms)
			AwakeInstancesAfterBackupRestoration (6ms)
Platform modules already initialized, skipping
========================================================================
Worker process is ready to serve import requests
Launched and connected shader compiler UnityShaderCompiler.exe after 0.09 seconds
Refreshing native plugins compatible for Editor in 0.37 ms, found 2 plugins.
Preloading 0 native plugins for Editor in 0.00 ms.
Unloading 1560 Unused Serialized files (Serialized files now loaded: 0)
Unloading 16 unused Assets / (55.7 KB). Loaded Objects now: 2026.
Memory consumption went from 71.2 MB to 71.1 MB.
Total: 5.653200 ms (FindLiveObjects: 0.168700 ms CreateObjectMapping: 0.040700 ms MarkObjects: 5.346500 ms  DeleteObjects: 0.095800 ms)

AssetImportParameters requested are different than current active one (requested -> active):
  custom:video-decoder-ogg-theora: a1e56fd34408186e4bbccfd4996cb3dc -> 
  custom:container-muxer-webm: aa71ff27fc2769a1b78a27578f13a17b -> 
  custom:container-demuxer-webm: 4f35f7cbe854078d1ac9338744f61a02 -> 
  custom:video-encoder-webm-vp8: eb34c28f22e8b96e1ab97ce403110664 -> 
  custom:audio-encoder-webm-vorbis: bf7c407c2cedff20999df2af8eb42d56 -> 
  custom:framework-win-MediaFoundation: 216162199b28c13a410421893ffa2e32 -> 
  custom:container-demuxer-ogg: 62fdf1f143b41e24485cea50d1cbac27 -> 
  custom:video-decoder-webm-vp8: 9c59270c3fd7afecdb556c50c9e8de78 -> 
  custom:audio-decoder-ogg-vorbis: bf7c407c2cedff20999df2af8eb42d56 -> 
========================================================================
Received Import Request.
  Time since last request: 462661.619445 seconds.
  path: Assets/Scenes/ponto.prefab
  artifactKey: Guid(7bf453940b6b6df46913a79021d74947) Importer(815301076,1909f56bfc062723c751e8b465ee728b)
Start importing Assets/Scenes/ponto.prefab using Guid(7bf453940b6b6df46913a79021d74947) Importer(815301076,1909f56bfc062723c751e8b465ee728b)  -> (artifact id: '4b2c6ef1517cfb8cce8975ceabbe4636') in 0.326751 seconds 
========================================================================
Received Import Request.
  Time since last request: 0.011665 seconds.
  path: Assets/Pixel Font - Tripfive/Sample Textmesh.prefab
  artifactKey: Guid(92d60a2e17d9a4bb8bd3801b14fc2926) Importer(815301076,1909f56bfc062723c751e8b465ee728b)
Start importing Assets/Pixel Font - Tripfive/Sample Textmesh.prefab using Guid(92d60a2e17d9a4bb8bd3801b14fc2926) Importer(815301076,1909f56bfc062723c751e8b465ee728b)  -> (artifact id: 'e55adee367813f9ae772274da86fc979') in 0.014447 seconds 
========================================================================
Received Import Request.
  Time since last request: 0.014043 seconds.
  path: Assets/Scenes/reta.prefab
  artifactKey: Guid(f90ca9d441c6087489a914dab6a1bb44) Importer(815301076,1909f56bfc062723c751e8b465ee728b)
Start importing Assets/Scenes/reta.prefab using Guid(f90ca9d441c6087489a914dab6a1bb44) Importer(815301076,1909f56bfc062723c751e8b465ee728b)  -> (artifact id: 'cb3df405fb5490d2082868970e23918c') in 0.094986 seconds 
========================================================================
Received Import Request.
  Time since last request: 0.000018 seconds.
  path: Assets/Scenes/rampa 1.prefab
  artifactKey: Guid(ddb13320a563de84da840dd3db1fad58) Importer(815301076,1909f56bfc062723c751e8b465ee728b)
Start importing Assets/Scenes/rampa 1.prefab using Guid(ddb13320a563de84da840dd3db1fad58) Importer(815301076,1909f56bfc062723c751e8b465ee728b)  -> (artifact id: 'e1b3163cc541fe12af6a8f73badc6095') in 0.019162 seconds 
========================================================================
Received Import Request.
  Time since last request: 0.000590 seconds.
  path: Assets/Scenes/dano.prefab
  artifactKey: Guid(5ee5850a571d43546bb22749ff99a4ad) Importer(815301076,1909f56bfc062723c751e8b465ee728b)
Start importing Assets/Scenes/dano.prefab using Guid(5ee5850a571d43546bb22749ff99a4ad) Importer(815301076,1909f56bfc062723c751e8b465ee728b)  -> (artifact id: '973dbf988085dd641c56e3aa65c1fa32') in 0.023985 seconds 
========================================================================
Received Import Request.
  Time since last request: 0.000022 seconds.
  path: Assets/Scenes/vida.prefab
  artifactKey: Guid(0590ec11f32f8b74e96033509161229f) Importer(815301076,1909f56bfc062723c751e8b465ee728b)
Start importing Assets/Scenes/vida.prefab using Guid(0590ec11f32f8b74e96033509161229f) Importer(815301076,1909f56bfc062723c751e8b465ee728b)  -> (artifact id: 'a3807a76463c6fa071918c733ba3d23b') in 0.014798 seconds 
========================================================================
Received Import Request.
  Time since last request: 0.000027 seconds.
  path: Assets/Scenes/Fase.unity
  artifactKey: Guid(e211624017004b34381beddcce0bb9e6) Importer(815301076,1909f56bfc062723c751e8b465ee728b)
Start importing Assets/Scenes/Fase.unity using Guid(e211624017004b34381beddcce0bb9e6) Importer(815301076,1909f56bfc062723c751e8b465ee728b)  -> (artifact id: 'b593012252f301a3fbd369d0ca42290c') in 0.007751 seconds 
========================================================================
Received Prepare
Registering precompiled user dll's ...
Registered in 0.002864 seconds.
Begin MonoManager ReloadAssembly
Native extension for WindowsStandalone target not found
Refreshing native plugins compatible for Editor in 0.42 ms, found 2 plugins.
Preloading 0 native plugins for Editor in 0.00 ms.
Mono: successfully reloaded assembly
- Completed reload, in  0.922 seconds
Domain Reload Profiling:
	ReloadAssembly (924ms)
		BeginReloadAssembly (126ms)
			ExecutionOrderSort (0ms)
			DisableScriptedObjects (4ms)
			BackupInstance (0ms)
			ReleaseScriptingObjects (0ms)
			CreateAndSetChildDomain (33ms)
		EndReloadAssembly (700ms)
			LoadAssemblies (75ms)
			RebuildTransferFunctionScriptingTraits (0ms)
			SetupTypeCache (163ms)
			ReleaseScriptCaches (1ms)
			RebuildScriptCaches (33ms)
			SetupLoadedEditorAssemblies (372ms)
				LogAssemblyErrors (0ms)
				InitializePlatformSupportModulesInManaged (13ms)
				SetLoadedEditorAssemblies (0ms)
				RefreshPlugins (1ms)
				BeforeProcessingInitializeOnLoad (46ms)
				ProcessInitializeOnLoadAttributes (259ms)
				ProcessInitializeOnLoadMethodAttributes (25ms)
				AfterProcessingInitializeOnLoad (28ms)
				EditorAssembliesLoaded (0ms)
			ExecutionOrderSort2 (0ms)
			AwakeInstancesAfterBackupRestoration (8ms)
Platform modules already initialized, skipping
Refreshing native plugins compatible for Editor in 1.50 ms, found 2 plugins.
Preloading 0 native plugins for Editor in 0.00 ms.
Unloading 1541 Unused Serialized files (Serialized files now loaded: 0)
Unloading 9 unused Assets / (24.6 KB). Loaded Objects now: 2037.
Memory consumption went from 73.7 MB to 73.6 MB.
Total: 3.160800 ms (FindLiveObjects: 0.161300 ms CreateObjectMapping: 0.036600 ms MarkObjects: 2.948900 ms  DeleteObjects: 0.012900 ms)

AssetImportParameters requested are different than current active one (requested -> active):
  custom:video-decoder-ogg-theora: a1e56fd34408186e4bbccfd4996cb3dc -> 
  custom:container-muxer-webm: aa71ff27fc2769a1b78a27578f13a17b -> 
  custom:container-demuxer-webm: 4f35f7cbe854078d1ac9338744f61a02 -> 
  custom:video-encoder-webm-vp8: eb34c28f22e8b96e1ab97ce403110664 -> 
  custom:audio-encoder-webm-vorbis: bf7c407c2cedff20999df2af8eb42d56 -> 
  custom:framework-win-MediaFoundation: 216162199b28c13a410421893ffa2e32 -> 
  custom:container-demuxer-ogg: 62fdf1f143b41e24485cea50d1cbac27 -> 
  custom:video-decoder-webm-vp8: 9c59270c3fd7afecdb556c50c9e8de78 -> 
  custom:audio-decoder-ogg-vorbis: bf7c407c2cedff20999df2af8eb42d56 -> 
========================================================================
Received Import Request.
  Time since last request: 14.180435 seconds.
  path: Assets/Scenes/Fase
  artifactKey: Guid(2f156d0673569914388c4a28aea856d7) Importer(815301076,1909f56bfc062723c751e8b465ee728b)
Start importing Assets/Scenes/Fase using Guid(2f156d0673569914388c4a28aea856d7) Importer(815301076,1909f56bfc062723c751e8b465ee728b)  -> (artifact id: 'f1d9453855d89ee524a0a11f889ff1c1') in 0.011866 seconds 
========================================================================
Received Import Request.
  Time since last request: 0.773261 seconds.
  path: Assets/Scenes/Fase/LightingData.asset
  artifactKey: Guid(85c9f92c2c9da474f9cec2e342fc7c3c) Importer(815301076,1909f56bfc062723c751e8b465ee728b)
Start importing Assets/Scenes/Fase/LightingData.asset using Guid(85c9f92c2c9da474f9cec2e342fc7c3c) Importer(815301076,1909f56bfc062723c751e8b465ee728b)  -> (artifact id: 'c9e05cc11d35abf98066eb88dbbde1ff') in 0.045330 seconds 
========================================================================
Received Import Request.
  Time since last request: 0.004530 seconds.
  path: Assets/Scenes/Fase/ReflectionProbe-0.exr
  artifactKey: Guid(a643620b06e09d04ca3808d319a9a8a7) Importer(815301076,1909f56bfc062723c751e8b465ee728b)
Start importing Assets/Scenes/Fase/ReflectionProbe-0.exr using Guid(a643620b06e09d04ca3808d319a9a8a7) Importer(815301076,1909f56bfc062723c751e8b465ee728b)  -> (artifact id: 'aad786fe3824b840954a80d8f1594906') in 0.086966 seconds 
========================================================================
Received Import Request.
  Time since last request: 0.853618 seconds.
  path: Assets/Scripts/buff.prefab
  artifactKey: Guid(2f6af6e4f64657f489ecb305eb888139) Importer(815301076,1909f56bfc062723c751e8b465ee728b)
Start importing Assets/Scripts/buff.prefab using Guid(2f6af6e4f64657f489ecb305eb888139) Importer(815301076,1909f56bfc062723c751e8b465ee728b)  -> (artifact id: '69f562cb31849921645948a5d468572e') in 0.254131 seconds 
========================================================================
Received Import Request.
  Time since last request: 0.000019 seconds.
  path: Assets/Scripts/mueda (1).fbx
  artifactKey: Guid(4885eec535f87fa40b3f6c444060c27d) Importer(815301076,1909f56bfc062723c751e8b465ee728b)
Start importing Assets/Scripts/mueda (1).fbx using Guid(4885eec535f87fa40b3f6c444060c27d) Importer(815301076,1909f56bfc062723c751e8b465ee728b)  -> (artifact id: '210722afe649f48d41a2dec781f1717e') in 0.074318 seconds 
========================================================================
Received Import Request.
  Time since last request: 0.000032 seconds.
  path: Assets/Scripts/vida.prefab
  artifactKey: Guid(edae8c2438a1c8e499bebaf74030ea32) Importer(815301076,1909f56bfc062723c751e8b465ee728b)
Start importing Assets/Scripts/vida.prefab using Guid(edae8c2438a1c8e499bebaf74030ea32) Importer(815301076,1909f56bfc062723c751e8b465ee728b)  -> (artifact id: '2934d46d529b2a77123bf34191c48f3c') in 0.029940 seconds 
========================================================================
Received Import Request.
  Time since last request: 0.000248 seconds.
  path: Assets/Scripts/ponto.prefab
  artifactKey: Guid(db830aecd3ac91b4887c748cc6b813c1) Importer(815301076,1909f56bfc062723c751e8b465ee728b)
Start importing Assets/Scripts/ponto.prefab using Guid(db830aecd3ac91b4887c748cc6b813c1) Importer(815301076,1909f56bfc062723c751e8b465ee728b)  -> (artifact id: '929af8324a7c0ccf9ea9a6b500702fcb') in 0.027061 seconds 
========================================================================
Received Import Request.
  Time since last request: 0.000019 seconds.
  path: Assets/Scripts/Invencivel.prefab
  artifactKey: Guid(73947798f1092c548a2dac3990a7a2d3) Importer(815301076,1909f56bfc062723c751e8b465ee728b)
Start importing Assets/Scripts/Invencivel.prefab using Guid(73947798f1092c548a2dac3990a7a2d3) Importer(815301076,1909f56bfc062723c751e8b465ee728b)  -> (artifact id: '0ab909fac8431496a584e8178e0276d1') in 0.018481 seconds 
========================================================================
Received Import Request.
  Time since last request: 0.000023 seconds.
  path: Assets/Scripts/dano.prefab
  artifactKey: Guid(4678af50eca7b894bb63ddb8f0fa2746) Importer(815301076,1909f56bfc062723c751e8b465ee728b)
Start importing Assets/Scripts/dano.prefab using Guid(4678af50eca7b894bb63ddb8f0fa2746) Importer(815301076,1909f56bfc062723c751e8b465ee728b)  -> (artifact id: 'aa1cb9e4f9649ac55c7a1f6ce9f0e006') in 0.054819 seconds 
========================================================================
Received Import Request.
  Time since last request: 1.521752 seconds.
  path: Assets/Scripts/TentarDnv.cs
  artifactKey: Guid(52bc923c9926e3c41a3f977202effb5c) Importer(815301076,1909f56bfc062723c751e8b465ee728b)
Start importing Assets/Scripts/TentarDnv.cs using Guid(52bc923c9926e3c41a3f977202effb5c) Importer(815301076,1909f56bfc062723c751e8b465ee728b)  -> (artifact id: '75f5f73dc2a3c9b6723c129d1e241b4b') in 0.081466 seconds 
========================================================================
Received Import Request.
  Time since last request: 0.438892 seconds.
  path: Assets/Scripts/Personagem.cs
  artifactKey: Guid(78972c029e131b040a26866577e8933a) Importer(815301076,1909f56bfc062723c751e8b465ee728b)
Start importing Assets/Scripts/Personagem.cs using Guid(78972c029e131b040a26866577e8933a) Importer(815301076,1909f56bfc062723c751e8b465ee728b)  -> (artifact id: '7f891fd66b8b2da182c100a85c8817e6') in 0.020968 seconds 
========================================================================
Received Import Request.
  Time since last request: 0.647241 seconds.
  path: Assets/Scripts/Player.cs
  artifactKey: Guid(45a43bfe037f769438c4e3af0b0f9dfd) Importer(815301076,1909f56bfc062723c751e8b465ee728b)
Start importing Assets/Scripts/Player.cs using Guid(45a43bfe037f769438c4e3af0b0f9dfd) Importer(815301076,1909f56bfc062723c751e8b465ee728b)  -> (artifact id: 'af288a274861e2f7a4c0e93b7019d5db') in 0.016198 seconds 
